[debug] [2023-12-16T12:27:58.314Z] ----------------------------------------------------------------------
[debug] [2023-12-16T12:27:58.315Z] Command:       /usr/local/bin/node /usr/local/bin/firebase emulators:start
[debug] [2023-12-16T12:27:58.316Z] CLI Version:   12.9.1
[debug] [2023-12-16T12:27:58.316Z] Platform:      darwin
[debug] [2023-12-16T12:27:58.316Z] Node Version:  v18.16.0
[debug] [2023-12-16T12:27:58.321Z] Time:          Sat Dec 16 2023 17:57:58 GMT+0530 (India Standard Time)
[debug] [2023-12-16T12:27:58.322Z] ----------------------------------------------------------------------
[debug] 
[debug] [2023-12-16T12:27:58.421Z] > command requires scopes: ["email","openid","https://www.googleapis.com/auth/cloudplatformprojects.readonly","https://www.googleapis.com/auth/firebase","https://www.googleapis.com/auth/cloud-platform"]
[debug] [2023-12-16T12:27:58.422Z] > authorizing via signed-in user (sanwlotajay@gmail.com)
[info] i  emulators: Starting emulators: functions, hosting {"metadata":{"emulator":{"name":"hub"},"message":"Starting emulators: functions, hosting"}}
[debug] [2023-12-16T12:27:58.658Z] [logging] Logging Emulator only supports listening on one address (127.0.0.1). Not listening on ::1
[warn] ⚠  hosting: Hosting Emulator unable to start on port 5000, starting on 5002 instead. {"metadata":{"emulator":{"name":"hosting"},"message":"Hosting Emulator unable to start on port 5000, starting on 5002 instead."}}
[debug] [2023-12-16T12:27:58.659Z] [hosting] Hosting Emulator only supports listening on one address (127.0.0.1). Not listening on ::1
[debug] [2023-12-16T12:27:58.659Z] assigned listening specs for emulators {"user":{"hub":[{"address":"127.0.0.1","family":"IPv4","port":4400},{"address":"::1","family":"IPv6","port":4400}],"ui":[{"address":"127.0.0.1","family":"IPv4","port":4000},{"address":"::1","family":"IPv6","port":4000}],"logging":[{"address":"127.0.0.1","family":"IPv4","port":4500}],"hosting":[{"address":"127.0.0.1","family":"IPv4","port":5002}]},"metadata":{"message":"assigned listening specs for emulators"}}
[debug] [2023-12-16T12:27:58.665Z] [hub] writing locator at /var/folders/t5/41w0mv413gqgm8tzw9v6swcm0000gn/T/hub-clone-f0b5b.json
[debug] [2023-12-16T12:27:58.760Z] [functions] Functions Emulator only supports listening on one address (127.0.0.1). Not listening on ::1
[debug] [2023-12-16T12:27:58.760Z] [eventarc] Eventarc Emulator only supports listening on one address (127.0.0.1). Not listening on ::1
[debug] [2023-12-16T12:27:58.760Z] late-assigned ports for functions and eventarc emulators {"user":{"hub":[{"address":"127.0.0.1","family":"IPv4","port":4400},{"address":"::1","family":"IPv6","port":4400}],"ui":[{"address":"127.0.0.1","family":"IPv4","port":4000},{"address":"::1","family":"IPv6","port":4000}],"logging":[{"address":"127.0.0.1","family":"IPv4","port":4500}],"hosting":[{"address":"127.0.0.1","family":"IPv4","port":5002}],"functions":[{"address":"127.0.0.1","family":"IPv4","port":5001}],"eventarc":[{"address":"127.0.0.1","family":"IPv4","port":9299}]},"metadata":{"message":"late-assigned ports for functions and eventarc emulators"}}
[warn] ⚠  functions: The following emulators are not running, calls to these services from the Functions emulator will affect production: auth, firestore, database, pubsub, storage {"metadata":{"emulator":{"name":"functions"},"message":"The following emulators are not running, calls to these services from the Functions emulator will affect production: \u001b[1mauth, firestore, database, pubsub, storage\u001b[22m"}}
[debug] [2023-12-16T12:27:58.763Z] defaultcredentials: writing to file /Users/ajaysanwlot/.config/firebase/sanwlotajay_gmail_com_application_default_credentials.json
[debug] [2023-12-16T12:27:58.769Z] Setting GAC to /Users/ajaysanwlot/.config/firebase/sanwlotajay_gmail_com_application_default_credentials.json {"metadata":{"emulator":{"name":"functions"},"message":"Setting GAC to /Users/ajaysanwlot/.config/firebase/sanwlotajay_gmail_com_application_default_credentials.json"}}
[debug] [2023-12-16T12:27:58.770Z] >>> [apiv2][query] GET https://firebase.googleapis.com/v1beta1/projects/clone-f0b5b/adminSdkConfig [none]
[debug] [2023-12-16T12:27:59.363Z] <<< [apiv2][status] GET https://firebase.googleapis.com/v1beta1/projects/clone-f0b5b/adminSdkConfig 200
[debug] [2023-12-16T12:27:59.363Z] <<< [apiv2][body] GET https://firebase.googleapis.com/v1beta1/projects/clone-f0b5b/adminSdkConfig {"projectId":"clone-f0b5b","storageBucket":"clone-f0b5b.appspot.com"}
[debug] [2023-12-16T12:27:59.379Z] >>> [apiv2][query] GET https://firebasehosting.googleapis.com/v1beta1/projects/clone-f0b5b/sites 
[debug] [2023-12-16T12:28:00.678Z] <<< [apiv2][status] GET https://firebasehosting.googleapis.com/v1beta1/projects/clone-f0b5b/sites 200
[debug] [2023-12-16T12:28:00.678Z] <<< [apiv2][body] GET https://firebasehosting.googleapis.com/v1beta1/projects/clone-f0b5b/sites {"sites":[{"name":"projects/clone-f0b5b/sites/clone-f0b5b","defaultUrl":"https://clone-f0b5b.web.app","appId":"1:140382565990:web:7c088fa605d7e15742dfa7","type":"DEFAULT_SITE"}]}
[debug] [2023-12-16T12:28:00.678Z] >>> [apiv2][query] GET https://firebase.googleapis.com/v1beta1/projects/clone-f0b5b/webApps/1:140382565990:web:7c088fa605d7e15742dfa7/config [none]
[debug] [2023-12-16T12:28:01.741Z] <<< [apiv2][status] GET https://firebase.googleapis.com/v1beta1/projects/clone-f0b5b/webApps/1:140382565990:web:7c088fa605d7e15742dfa7/config 200
[debug] [2023-12-16T12:28:01.742Z] <<< [apiv2][body] GET https://firebase.googleapis.com/v1beta1/projects/clone-f0b5b/webApps/1:140382565990:web:7c088fa605d7e15742dfa7/config {"projectId":"clone-f0b5b","appId":"1:140382565990:web:7c088fa605d7e15742dfa7","storageBucket":"clone-f0b5b.appspot.com","apiKey":"AIzaSyBPzoVz0VC5j37JzJOZIFxxrcCD2LovpCg","authDomain":"clone-f0b5b.firebaseapp.com","messagingSenderId":"140382565990","measurementId":"G-WF5GPHZSLK"}
[debug] [2023-12-16T12:28:01.749Z] >>> [apiv2][query] GET https://firebase.googleapis.com/v1beta1/projects/clone-f0b5b [none]
[debug] [2023-12-16T12:28:02.511Z] <<< [apiv2][status] GET https://firebase.googleapis.com/v1beta1/projects/clone-f0b5b 200
[debug] [2023-12-16T12:28:02.512Z] <<< [apiv2][body] GET https://firebase.googleapis.com/v1beta1/projects/clone-f0b5b {"projectId":"clone-f0b5b","projectNumber":"140382565990","displayName":"amazon-clone","name":"projects/clone-f0b5b","resources":{"hostingSite":"clone-f0b5b"},"state":"ACTIVE","etag":"1_ac19a3c5-2a93-450e-8107-f10ac2ff91f5"}
[info] i  hosting[clone-f0b5b]: Serving hosting files from: build {"metadata":{"emulator":{"name":"hosting"},"message":"Serving hosting files from: \u001b[1mbuild\u001b[22m"}}
[info] ✔  hosting[clone-f0b5b]: Local server: http://127.0.0.1:5002 {"metadata":{"emulator":{"name":"hosting"},"message":"Local server: \u001b[4m\u001b[1mhttp://127.0.0.1:5002\u001b[22m\u001b[24m"}}
[debug] [2023-12-16T12:28:02.571Z] Ignoring unsupported arg: auto_download {"metadata":{"emulator":{"name":"ui"},"message":"Ignoring unsupported arg: auto_download"}}
[debug] [2023-12-16T12:28:02.571Z] Ignoring unsupported arg: port {"metadata":{"emulator":{"name":"ui"},"message":"Ignoring unsupported arg: port"}}
[debug] [2023-12-16T12:28:02.571Z] Starting Emulator UI with command {"binary":"node","args":["/Users/ajaysanwlot/.cache/firebase/emulators/ui-v1.11.7/server/server.js"],"optionalArgs":[],"joinArgs":false} {"metadata":{"emulator":{"name":"ui"},"message":"Starting Emulator UI with command {\"binary\":\"node\",\"args\":[\"/Users/ajaysanwlot/.cache/firebase/emulators/ui-v1.11.7/server/server.js\"],\"optionalArgs\":[],\"joinArgs\":false}"}}
[info] i  ui: Emulator UI logging to ui-debug.log {"metadata":{"emulator":{"name":"ui"},"message":"Emulator UI logging to \u001b[1mui-debug.log\u001b[22m"}}
[debug] [2023-12-16T12:28:02.660Z] Web / API server started at 127.0.0.1:4000
 {"metadata":{"emulator":{"name":"ui"},"message":"Web / API server started at 127.0.0.1:4000\n"}}
[debug] [2023-12-16T12:28:02.660Z] Web / API server started at ::1:4000
 {"metadata":{"emulator":{"name":"ui"},"message":"Web / API server started at ::1:4000\n"}}
[info] i  functions: Watching "/Users/ajaysanwlot/Documents/Web Dev /Amazon /amazon-clone/amazon-clone/functions" for Cloud Functions... {"metadata":{"emulator":{"name":"functions"},"message":"Watching \"/Users/ajaysanwlot/Documents/Web Dev /Amazon /amazon-clone/amazon-clone/functions\" for Cloud Functions..."}}
[debug] [2023-12-16T12:28:02.834Z] Validating nodejs source
[debug] [2023-12-16T12:28:03.621Z] > [functions] package.json contents: {
  "name": "functions",
  "description": "Cloud Functions for Firebase",
  "scripts": {
    "lint": "eslint .",
    "serve": "firebase emulators:start --only functions",
    "shell": "firebase functions:shell",
    "start": "npm run shell",
    "deploy": "firebase deploy --only functions",
    "logs": "firebase functions:log"
  },
  "engines": {
    "node": "18"
  },
  "main": "index.js",
  "dependencies": {
    "cors": "^2.8.5",
    "express": "^4.18.2",
    "firebase-admin": "^11.8.0",
    "firebase-functions": "^4.3.1",
    "stripe": "^14.9.0"
  },
  "devDependencies": {
    "eslint": "^8.15.0",
    "eslint-config-google": "^0.14.0",
    "firebase-functions-test": "^3.1.0"
  },
  "private": true
}
[debug] [2023-12-16T12:28:03.621Z] Building nodejs source
[debug] [2023-12-16T12:28:03.622Z] Failed to find version of module node: reached end of search path /Users/ajaysanwlot/Documents/Web Dev /Amazon /amazon-clone/amazon-clone/functions/node_modules
[info] ✔  functions: Using node@18 from host. 
[debug] [2023-12-16T12:28:03.623Z] Could not find functions.yaml. Must use http discovery
[debug] [2023-12-16T12:28:03.627Z] Found firebase-functions binary at '/Users/ajaysanwlot/Documents/Web Dev /Amazon /amazon-clone/amazon-clone/functions/node_modules/.bin/firebase-functions'
[info] Serving at port 8508

[debug] [2023-12-16T12:28:04.155Z] Got response from /__/functions.yaml {"endpoints":{"api":{"availableMemoryMb":null,"timeoutSeconds":null,"minInstances":null,"maxInstances":null,"ingressSettings":null,"concurrency":null,"serviceAccountEmail":null,"vpc":null,"platform":"gcfv2","labels":{},"httpsTrigger":{},"entryPoint":"api"}},"specVersion":"v1alpha1","requiredAPIs":[]}
[info] ✔  functions: Loaded functions definitions from source: api. {"metadata":{"emulator":{"name":"functions"},"message":"Loaded functions definitions from source: api."}}
[info] ✔  functions[us-central1-api]: http function initialized (http://127.0.0.1:5001/clone-f0b5b/us-central1/api). {"metadata":{"emulator":{"name":"functions"},"message":"\u001b[1mhttp\u001b[22m function initialized (http://127.0.0.1:5001/clone-f0b5b/us-central1/api)."}}
[info] 
┌─────────────────────────────────────────────────────────────┐
│ ✔  All emulators ready! It is now safe to connect your app. │
│ i  View Emulator UI at http://127.0.0.1:4000/               │
└─────────────────────────────────────────────────────────────┘

┌───────────┬────────────────┬─────────────────────────────────┐
│ Emulator  │ Host:Port      │ View in Emulator UI             │
├───────────┼────────────────┼─────────────────────────────────┤
│ Functions │ 127.0.0.1:5001 │ http://127.0.0.1:4000/functions │
├───────────┼────────────────┼─────────────────────────────────┤
│ Hosting   │ 127.0.0.1:5002 │ n/a                             │
└───────────┴────────────────┴─────────────────────────────────┘
  Emulator Hub running at 127.0.0.1:4400
  Other reserved ports: 4500

Issues? Report them at https://github.com/firebase/firebase-tools/issues and attach the *-debug.log files.
 
[debug] [2023-12-16T12:51:49.678Z] [work-queue] {"queuedWork":["/clone-f0b5b/us-central1/api-2023-12-16T12:51:49.677Z"],"queueLength":1,"runningWork":[],"workRunningCount":0}
[debug] [2023-12-16T12:51:49.679Z] [work-queue] {"queuedWork":[],"queueLength":0,"runningWork":["/clone-f0b5b/us-central1/api-2023-12-16T12:51:49.677Z"],"workRunningCount":1}
[debug] [2023-12-16T12:51:49.680Z] Accepted request GET /clone-f0b5b/us-central1/api --> us-central1-api
[debug] [2023-12-16T12:51:49.699Z] [functions] Runtime ready! Sending request! {"metadata":{"emulator":{"name":"functions"},"message":"[functions] Runtime ready! Sending request!"}}
[debug] [2023-12-16T12:51:49.700Z] [functions] Got req.url=/clone-f0b5b/us-central1/api, mapping to path=/ {"metadata":{"emulator":{"name":"functions"},"message":"[functions] Got req.url=/clone-f0b5b/us-central1/api, mapping to path=/"}}
[debug] [2023-12-16T12:51:49.709Z] [worker-pool] addWorker(us-central1-api) {"metadata":{"emulator":{"name":"functions"},"message":"[worker-pool] addWorker(us-central1-api)"}}
[debug] [2023-12-16T12:51:49.710Z] [worker-pool] Adding worker with key us-central1-api, total=1 {"metadata":{"emulator":{"name":"functions"},"message":"[worker-pool] Adding worker with key us-central1-api, total=1"}}
[debug] [2023-12-16T12:51:50.605Z] [runtime-status] [57172] Resolved module firebase-admin {"declared":true,"installed":true,"version":"11.11.1","resolution":"/Users/ajaysanwlot/Documents/Web Dev /Amazon /amazon-clone/amazon-clone/functions/node_modules/firebase-admin/lib/index.js"} {"metadata":{"emulator":{"name":"functions"},"function":{"name":"us-central1-api"},"extension":{},"message":"[runtime-status] [57172] Resolved module firebase-admin {\"declared\":true,\"installed\":true,\"version\":\"11.11.1\",\"resolution\":\"/Users/ajaysanwlot/Documents/Web Dev /Amazon /amazon-clone/amazon-clone/functions/node_modules/firebase-admin/lib/index.js\"}"}}
[debug] [2023-12-16T12:51:50.606Z] [runtime-status] [57172] Resolved module firebase-functions {"declared":true,"installed":true,"version":"4.5.0","resolution":"/Users/ajaysanwlot/Documents/Web Dev /Amazon /amazon-clone/amazon-clone/functions/node_modules/firebase-functions/lib/v1/index.js"} {"metadata":{"emulator":{"name":"functions"},"function":{"name":"us-central1-api"},"extension":{},"message":"[runtime-status] [57172] Resolved module firebase-functions {\"declared\":true,\"installed\":true,\"version\":\"4.5.0\",\"resolution\":\"/Users/ajaysanwlot/Documents/Web Dev /Amazon /amazon-clone/amazon-clone/functions/node_modules/firebase-functions/lib/v1/index.js\"}"}}
[debug] [2023-12-16T12:51:50.606Z] [runtime-status] [57172] Outgoing network have been stubbed. [{"name":"http","status":"mocked"},{"name":"http","status":"mocked"},{"name":"https","status":"mocked"},{"name":"https","status":"mocked"},{"name":"net","status":"mocked"}] {"metadata":{"emulator":{"name":"functions"},"function":{"name":"us-central1-api"},"extension":{},"message":"[runtime-status] [57172] Outgoing network have been stubbed. [{\"name\":\"http\",\"status\":\"mocked\"},{\"name\":\"http\",\"status\":\"mocked\"},{\"name\":\"https\",\"status\":\"mocked\"},{\"name\":\"https\",\"status\":\"mocked\"},{\"name\":\"net\",\"status\":\"mocked\"}]"}}
[debug] [2023-12-16T12:51:50.606Z] [runtime-status] [57172] Resolved module firebase-functions {"declared":true,"installed":true,"version":"4.5.0","resolution":"/Users/ajaysanwlot/Documents/Web Dev /Amazon /amazon-clone/amazon-clone/functions/node_modules/firebase-functions/lib/v1/index.js"} {"metadata":{"emulator":{"name":"functions"},"function":{"name":"us-central1-api"},"extension":{},"message":"[runtime-status] [57172] Resolved module firebase-functions {\"declared\":true,\"installed\":true,\"version\":\"4.5.0\",\"resolution\":\"/Users/ajaysanwlot/Documents/Web Dev /Amazon /amazon-clone/amazon-clone/functions/node_modules/firebase-functions/lib/v1/index.js\"}"}}
[debug] [2023-12-16T12:51:50.799Z] [runtime-status] [57172] Checked functions.config() {"config":{}} {"metadata":{"emulator":{"name":"functions"},"function":{"name":"us-central1-api"},"extension":{},"message":"[runtime-status] [57172] Checked functions.config() {\"config\":{}}"}}
[debug] [2023-12-16T12:51:50.799Z] [runtime-status] [57172] firebase-functions has been stubbed. {"functionsResolution":{"declared":true,"installed":true,"version":"4.5.0","resolution":"/Users/ajaysanwlot/Documents/Web Dev /Amazon /amazon-clone/amazon-clone/functions/node_modules/firebase-functions/lib/v1/index.js"}} {"metadata":{"emulator":{"name":"functions"},"function":{"name":"us-central1-api"},"extension":{},"message":"[runtime-status] [57172] firebase-functions has been stubbed. {\"functionsResolution\":{\"declared\":true,\"installed\":true,\"version\":\"4.5.0\",\"resolution\":\"/Users/ajaysanwlot/Documents/Web Dev /Amazon /amazon-clone/amazon-clone/functions/node_modules/firebase-functions/lib/v1/index.js\"}}"}}
[debug] [2023-12-16T12:51:50.799Z] [runtime-status] [57172] Resolved module firebase-functions {"declared":true,"installed":true,"version":"4.5.0","resolution":"/Users/ajaysanwlot/Documents/Web Dev /Amazon /amazon-clone/amazon-clone/functions/node_modules/firebase-functions/lib/v1/index.js"} {"metadata":{"emulator":{"name":"functions"},"function":{"name":"us-central1-api"},"extension":{},"message":"[runtime-status] [57172] Resolved module firebase-functions {\"declared\":true,\"installed\":true,\"version\":\"4.5.0\",\"resolution\":\"/Users/ajaysanwlot/Documents/Web Dev /Amazon /amazon-clone/amazon-clone/functions/node_modules/firebase-functions/lib/v1/index.js\"}"}}
[debug] [2023-12-16T12:51:50.800Z] [runtime-status] [57172] Resolved module firebase-admin {"declared":true,"installed":true,"version":"11.11.1","resolution":"/Users/ajaysanwlot/Documents/Web Dev /Amazon /amazon-clone/amazon-clone/functions/node_modules/firebase-admin/lib/index.js"} {"metadata":{"emulator":{"name":"functions"},"function":{"name":"us-central1-api"},"extension":{},"message":"[runtime-status] [57172] Resolved module firebase-admin {\"declared\":true,\"installed\":true,\"version\":\"11.11.1\",\"resolution\":\"/Users/ajaysanwlot/Documents/Web Dev /Amazon /amazon-clone/amazon-clone/functions/node_modules/firebase-admin/lib/index.js\"}"}}
[debug] [2023-12-16T12:51:50.801Z] [runtime-status] [57172] Resolved module firebase-functions {"declared":true,"installed":true,"version":"4.5.0","resolution":"/Users/ajaysanwlot/Documents/Web Dev /Amazon /amazon-clone/amazon-clone/functions/node_modules/firebase-functions/lib/v1/index.js"} {"metadata":{"emulator":{"name":"functions"},"function":{"name":"us-central1-api"},"extension":{},"message":"[runtime-status] [57172] Resolved module firebase-functions {\"declared\":true,\"installed\":true,\"version\":\"4.5.0\",\"resolution\":\"/Users/ajaysanwlot/Documents/Web Dev /Amazon /amazon-clone/amazon-clone/functions/node_modules/firebase-functions/lib/v1/index.js\"}"}}
[debug] [2023-12-16T12:51:50.802Z] [runtime-status] [57172] firebase-admin has been stubbed. {"adminResolution":{"declared":true,"installed":true,"version":"11.11.1","resolution":"/Users/ajaysanwlot/Documents/Web Dev /Amazon /amazon-clone/amazon-clone/functions/node_modules/firebase-admin/lib/index.js"}} {"metadata":{"emulator":{"name":"functions"},"function":{"name":"us-central1-api"},"extension":{},"message":"[runtime-status] [57172] firebase-admin has been stubbed. {\"adminResolution\":{\"declared\":true,\"installed\":true,\"version\":\"11.11.1\",\"resolution\":\"/Users/ajaysanwlot/Documents/Web Dev /Amazon /amazon-clone/amazon-clone/functions/node_modules/firebase-admin/lib/index.js\"}}"}}
[debug] [2023-12-16T12:51:50.914Z] [runtime-status] [57172] Functions runtime initialized. {"cwd":"/Users/ajaysanwlot/Documents/Web Dev /Amazon /amazon-clone/amazon-clone/functions","node_version":"18.16.0"} {"metadata":{"emulator":{"name":"functions"},"function":{"name":"us-central1-api"},"extension":{},"message":"[runtime-status] [57172] Functions runtime initialized. {\"cwd\":\"/Users/ajaysanwlot/Documents/Web Dev /Amazon /amazon-clone/amazon-clone/functions\",\"node_version\":\"18.16.0\"}"}}
[debug] [2023-12-16T12:51:50.914Z] [runtime-status] [57172] Listening to port: /var/folders/t5/41w0mv413gqgm8tzw9v6swcm0000gn/T/fire_emu_34b33a1b31eee669.sock {"metadata":{"emulator":{"name":"functions"},"function":{"name":"us-central1-api"},"extension":{},"message":"[runtime-status] [57172] Listening to port: /var/folders/t5/41w0mv413gqgm8tzw9v6swcm0000gn/T/fire_emu_34b33a1b31eee669.sock"}}
[debug] [2023-12-16T12:51:50.937Z] [worker-us-central1-api-5736035c-e60a-4e11-9364-9dd4456181b6]: IDLE {"metadata":{"emulator":{"name":"functions"},"function":{"name":"us-central1-api"},"extension":{},"message":"[worker-us-central1-api-5736035c-e60a-4e11-9364-9dd4456181b6]: IDLE"}}
[debug] [2023-12-16T12:51:50.937Z] [worker-pool] submitRequest(triggerId=us-central1-api) {"metadata":{"emulator":{"name":"functions"},"message":"[worker-pool] submitRequest(triggerId=us-central1-api)"}}
[info] i  functions: Beginning execution of "us-central1-api" {"metadata":{"emulator":{"name":"functions"},"function":{"name":"us-central1-api"},"extension":{},"message":"Beginning execution of \"us-central1-api\""}}
[debug] [2023-12-16T12:51:50.938Z] [worker-us-central1-api-5736035c-e60a-4e11-9364-9dd4456181b6]: BUSY {"metadata":{"emulator":{"name":"functions"},"function":{"name":"us-central1-api"},"extension":{},"message":"[worker-us-central1-api-5736035c-e60a-4e11-9364-9dd4456181b6]: BUSY"}}
[debug] [2023-12-16T12:51:50.943Z] Finishing up request with event=pause {"metadata":{"emulator":{"name":"functions"},"function":{"name":"us-central1-api"},"extension":{},"message":"Finishing up request with event=pause"}}
[info] i  functions: Finished "us-central1-api" in 5.820708ms {"metadata":{"emulator":{"name":"functions"},"function":{"name":"us-central1-api"},"extension":{},"message":"Finished \"us-central1-api\" in 5.820708ms"}}
[debug] [2023-12-16T12:51:50.944Z] [worker-us-central1-api-5736035c-e60a-4e11-9364-9dd4456181b6]: IDLE {"metadata":{"emulator":{"name":"functions"},"function":{"name":"us-central1-api"},"extension":{},"message":"[worker-us-central1-api-5736035c-e60a-4e11-9364-9dd4456181b6]: IDLE"}}
[debug] [2023-12-16T12:51:50.944Z] Finishing up request with event=finish {"metadata":{"emulator":{"name":"functions"},"function":{"name":"us-central1-api"},"extension":{},"message":"Finishing up request with event=finish"}}
[debug] [2023-12-16T12:51:50.944Z] Finishing up request with event=close {"metadata":{"emulator":{"name":"functions"},"function":{"name":"us-central1-api"},"extension":{},"message":"Finishing up request with event=close"}}
[debug] [2023-12-16T12:51:50.945Z] [work-queue] {"queuedWork":[],"queueLength":0,"runningWork":[],"workRunningCount":0}
[debug] [2023-12-16T12:51:51.058Z] Functions emulator received unknown request at path /favicon.ico
[debug] [2023-12-16T12:58:43.112Z] File /Users/ajaysanwlot/Documents/Web Dev /Amazon /amazon-clone/amazon-clone/functions/index.js changed, reloading triggers {"metadata":{"emulator":{"name":"functions"},"message":"File /Users/ajaysanwlot/Documents/Web Dev /Amazon /amazon-clone/amazon-clone/functions/index.js changed, reloading triggers"}}
[debug] [2023-12-16T12:58:44.116Z] Validating nodejs source
[debug] [2023-12-16T12:58:44.861Z] > [functions] package.json contents: {
  "name": "functions",
  "description": "Cloud Functions for Firebase",
  "scripts": {
    "lint": "eslint .",
    "serve": "firebase emulators:start --only functions",
    "shell": "firebase functions:shell",
    "start": "npm run shell",
    "deploy": "firebase deploy --only functions",
    "logs": "firebase functions:log"
  },
  "engines": {
    "node": "18"
  },
  "main": "index.js",
  "dependencies": {
    "cors": "^2.8.5",
    "express": "^4.18.2",
    "firebase-admin": "^11.8.0",
    "firebase-functions": "^4.3.1",
    "stripe": "^14.9.0"
  },
  "devDependencies": {
    "eslint": "^8.15.0",
    "eslint-config-google": "^0.14.0",
    "firebase-functions-test": "^3.1.0"
  },
  "private": true
}
[debug] [2023-12-16T12:58:44.862Z] Building nodejs source
[debug] [2023-12-16T12:58:44.862Z] Failed to find version of module node: reached end of search path /Users/ajaysanwlot/Documents/Web Dev /Amazon /amazon-clone/amazon-clone/functions/node_modules
[info] ✔  functions: Using node@18 from host. 
[debug] [2023-12-16T12:58:44.864Z] Could not find functions.yaml. Must use http discovery
[debug] [2023-12-16T12:58:44.866Z] Found firebase-functions binary at '/Users/ajaysanwlot/Documents/Web Dev /Amazon /amazon-clone/amazon-clone/functions/node_modules/.bin/firebase-functions'
[info] Serving at port 8971

[debug] [2023-12-16T12:58:45.203Z] Got response from /__/functions.yaml {"endpoints":{"api":{"availableMemoryMb":null,"timeoutSeconds":null,"minInstances":null,"maxInstances":null,"ingressSettings":null,"concurrency":null,"serviceAccountEmail":null,"vpc":null,"platform":"gcfv2","labels":{},"httpsTrigger":{},"entryPoint":"api"}},"specVersion":"v1alpha1","requiredAPIs":[]}
[info] ✔  functions: Loaded functions definitions from source: api. {"metadata":{"emulator":{"name":"functions"},"message":"Loaded functions definitions from source: api."}}
[debug] [2023-12-16T12:58:45.219Z] [worker-pool] Shutting down IDLE worker (us-central1-api) {"metadata":{"emulator":{"name":"functions"},"message":"[worker-pool] Shutting down IDLE worker (us-central1-api)"}}
[debug] [2023-12-16T12:58:45.219Z] [worker-us-central1-api-5736035c-e60a-4e11-9364-9dd4456181b6]: FINISHING {"metadata":{"emulator":{"name":"functions"},"function":{"name":"us-central1-api"},"extension":{},"message":"[worker-us-central1-api-5736035c-e60a-4e11-9364-9dd4456181b6]: FINISHING"}}
[debug] [2023-12-16T12:58:45.227Z] [worker-us-central1-api-5736035c-e60a-4e11-9364-9dd4456181b6]: exited {"metadata":{"emulator":{"name":"functions"},"function":{"name":"us-central1-api"},"extension":{},"message":"[worker-us-central1-api-5736035c-e60a-4e11-9364-9dd4456181b6]: exited"}}
[debug] [2023-12-16T12:58:45.227Z] [worker-us-central1-api-5736035c-e60a-4e11-9364-9dd4456181b6]: FINISHED {"metadata":{"emulator":{"name":"functions"},"function":{"name":"us-central1-api"},"extension":{},"message":"[worker-us-central1-api-5736035c-e60a-4e11-9364-9dd4456181b6]: FINISHED"}}
[debug] [2023-12-16T13:00:04.635Z] File /Users/ajaysanwlot/Documents/Web Dev /Amazon /amazon-clone/amazon-clone/functions/index.js changed, reloading triggers {"metadata":{"emulator":{"name":"functions"},"message":"File /Users/ajaysanwlot/Documents/Web Dev /Amazon /amazon-clone/amazon-clone/functions/index.js changed, reloading triggers"}}
[debug] [2023-12-16T13:00:05.637Z] Validating nodejs source
[debug] [2023-12-16T13:00:06.302Z] > [functions] package.json contents: {
  "name": "functions",
  "description": "Cloud Functions for Firebase",
  "scripts": {
    "lint": "eslint .",
    "serve": "firebase emulators:start --only functions",
    "shell": "firebase functions:shell",
    "start": "npm run shell",
    "deploy": "firebase deploy --only functions",
    "logs": "firebase functions:log"
  },
  "engines": {
    "node": "18"
  },
  "main": "index.js",
  "dependencies": {
    "cors": "^2.8.5",
    "express": "^4.18.2",
    "firebase-admin": "^11.8.0",
    "firebase-functions": "^4.3.1",
    "stripe": "^14.9.0"
  },
  "devDependencies": {
    "eslint": "^8.15.0",
    "eslint-config-google": "^0.14.0",
    "firebase-functions-test": "^3.1.0"
  },
  "private": true
}
[debug] [2023-12-16T13:00:06.302Z] Building nodejs source
[debug] [2023-12-16T13:00:06.302Z] Failed to find version of module node: reached end of search path /Users/ajaysanwlot/Documents/Web Dev /Amazon /amazon-clone/amazon-clone/functions/node_modules
[info] ✔  functions: Using node@18 from host. 
[debug] [2023-12-16T13:00:06.304Z] Could not find functions.yaml. Must use http discovery
[debug] [2023-12-16T13:00:06.304Z] Found firebase-functions binary at '/Users/ajaysanwlot/Documents/Web Dev /Amazon /amazon-clone/amazon-clone/functions/node_modules/.bin/firebase-functions'
[info] Serving at port 8189

[debug] [2023-12-16T13:00:06.700Z] Got response from /__/functions.yaml {"endpoints":{"api":{"availableMemoryMb":null,"timeoutSeconds":null,"minInstances":null,"maxInstances":null,"ingressSettings":null,"concurrency":null,"serviceAccountEmail":null,"vpc":null,"platform":"gcfv2","labels":{},"httpsTrigger":{},"entryPoint":"api"}},"specVersion":"v1alpha1","requiredAPIs":[]}
[info] ✔  functions: Loaded functions definitions from source: api. {"metadata":{"emulator":{"name":"functions"},"message":"Loaded functions definitions from source: api."}}
[debug] [2023-12-16T13:00:56.066Z] File /Users/ajaysanwlot/Documents/Web Dev /Amazon /amazon-clone/amazon-clone/functions/index.js changed, reloading triggers {"metadata":{"emulator":{"name":"functions"},"message":"File /Users/ajaysanwlot/Documents/Web Dev /Amazon /amazon-clone/amazon-clone/functions/index.js changed, reloading triggers"}}
[debug] [2023-12-16T13:00:57.068Z] Validating nodejs source
[debug] [2023-12-16T13:00:59.043Z] > [functions] package.json contents: {
  "name": "functions",
  "description": "Cloud Functions for Firebase",
  "scripts": {
    "lint": "eslint .",
    "serve": "firebase emulators:start --only functions",
    "shell": "firebase functions:shell",
    "start": "npm run shell",
    "deploy": "firebase deploy --only functions",
    "logs": "firebase functions:log"
  },
  "engines": {
    "node": "18"
  },
  "main": "index.js",
  "dependencies": {
    "cors": "^2.8.5",
    "express": "^4.18.2",
    "firebase-admin": "^11.8.0",
    "firebase-functions": "^4.3.1",
    "stripe": "^14.9.0"
  },
  "devDependencies": {
    "eslint": "^8.15.0",
    "eslint-config-google": "^0.14.0",
    "firebase-functions-test": "^3.1.0"
  },
  "private": true
}
[debug] [2023-12-16T13:00:59.043Z] Building nodejs source
[debug] [2023-12-16T13:00:59.043Z] Failed to find version of module node: reached end of search path /Users/ajaysanwlot/Documents/Web Dev /Amazon /amazon-clone/amazon-clone/functions/node_modules
[info] ✔  functions: Using node@18 from host. 
[debug] [2023-12-16T13:00:59.045Z] Could not find functions.yaml. Must use http discovery
[debug] [2023-12-16T13:00:59.046Z] Found firebase-functions binary at '/Users/ajaysanwlot/Documents/Web Dev /Amazon /amazon-clone/amazon-clone/functions/node_modules/.bin/firebase-functions'
[info] Serving at port 8005

[debug] [2023-12-16T13:00:59.397Z] Got response from /__/functions.yaml {"endpoints":{"api":{"availableMemoryMb":null,"timeoutSeconds":null,"minInstances":null,"maxInstances":null,"ingressSettings":null,"concurrency":null,"serviceAccountEmail":null,"vpc":null,"platform":"gcfv2","labels":{},"httpsTrigger":{},"entryPoint":"api"}},"specVersion":"v1alpha1","requiredAPIs":[]}
[info] ✔  functions: Loaded functions definitions from source: api. {"metadata":{"emulator":{"name":"functions"},"message":"Loaded functions definitions from source: api."}}
[debug] [2023-12-16T13:01:24.352Z] File /Users/ajaysanwlot/Documents/Web Dev /Amazon /amazon-clone/amazon-clone/functions/index.js changed, reloading triggers {"metadata":{"emulator":{"name":"functions"},"message":"File /Users/ajaysanwlot/Documents/Web Dev /Amazon /amazon-clone/amazon-clone/functions/index.js changed, reloading triggers"}}
[debug] [2023-12-16T13:01:25.354Z] Validating nodejs source
[debug] [2023-12-16T13:01:26.031Z] > [functions] package.json contents: {
  "name": "functions",
  "description": "Cloud Functions for Firebase",
  "scripts": {
    "lint": "eslint .",
    "serve": "firebase emulators:start --only functions",
    "shell": "firebase functions:shell",
    "start": "npm run shell",
    "deploy": "firebase deploy --only functions",
    "logs": "firebase functions:log"
  },
  "engines": {
    "node": "18"
  },
  "main": "index.js",
  "dependencies": {
    "cors": "^2.8.5",
    "express": "^4.18.2",
    "firebase-admin": "^11.8.0",
    "firebase-functions": "^4.3.1",
    "stripe": "^14.9.0"
  },
  "devDependencies": {
    "eslint": "^8.15.0",
    "eslint-config-google": "^0.14.0",
    "firebase-functions-test": "^3.1.0"
  },
  "private": true
}
[debug] [2023-12-16T13:01:26.031Z] Building nodejs source
[debug] [2023-12-16T13:01:26.031Z] Failed to find version of module node: reached end of search path /Users/ajaysanwlot/Documents/Web Dev /Amazon /amazon-clone/amazon-clone/functions/node_modules
[info] ✔  functions: Using node@18 from host. 
[debug] [2023-12-16T13:01:26.032Z] Could not find functions.yaml. Must use http discovery
[debug] [2023-12-16T13:01:26.033Z] Found firebase-functions binary at '/Users/ajaysanwlot/Documents/Web Dev /Amazon /amazon-clone/amazon-clone/functions/node_modules/.bin/firebase-functions'
[info] Serving at port 8229

[debug] [2023-12-16T13:01:26.327Z] Got response from /__/functions.yaml {"endpoints":{"api":{"availableMemoryMb":null,"timeoutSeconds":null,"minInstances":null,"maxInstances":null,"ingressSettings":null,"concurrency":null,"serviceAccountEmail":null,"vpc":null,"platform":"gcfv2","labels":{},"httpsTrigger":{},"entryPoint":"api"}},"specVersion":"v1alpha1","requiredAPIs":[]}
[info] ✔  functions: Loaded functions definitions from source: api. {"metadata":{"emulator":{"name":"functions"},"message":"Loaded functions definitions from source: api."}}
[debug] [2023-12-16T13:02:21.221Z] File /Users/ajaysanwlot/Documents/Web Dev /Amazon /amazon-clone/amazon-clone/functions/index.js changed, reloading triggers {"metadata":{"emulator":{"name":"functions"},"message":"File /Users/ajaysanwlot/Documents/Web Dev /Amazon /amazon-clone/amazon-clone/functions/index.js changed, reloading triggers"}}
[debug] [2023-12-16T13:02:22.223Z] Validating nodejs source
[debug] [2023-12-16T13:02:22.930Z] > [functions] package.json contents: {
  "name": "functions",
  "description": "Cloud Functions for Firebase",
  "scripts": {
    "lint": "eslint .",
    "serve": "firebase emulators:start --only functions",
    "shell": "firebase functions:shell",
    "start": "npm run shell",
    "deploy": "firebase deploy --only functions",
    "logs": "firebase functions:log"
  },
  "engines": {
    "node": "18"
  },
  "main": "index.js",
  "dependencies": {
    "cors": "^2.8.5",
    "express": "^4.18.2",
    "firebase-admin": "^11.8.0",
    "firebase-functions": "^4.3.1",
    "stripe": "^14.9.0"
  },
  "devDependencies": {
    "eslint": "^8.15.0",
    "eslint-config-google": "^0.14.0",
    "firebase-functions-test": "^3.1.0"
  },
  "private": true
}
[debug] [2023-12-16T13:02:22.930Z] Building nodejs source
[debug] [2023-12-16T13:02:22.930Z] Failed to find version of module node: reached end of search path /Users/ajaysanwlot/Documents/Web Dev /Amazon /amazon-clone/amazon-clone/functions/node_modules
[info] ✔  functions: Using node@18 from host. 
[debug] [2023-12-16T13:02:22.932Z] Could not find functions.yaml. Must use http discovery
[debug] [2023-12-16T13:02:22.933Z] Found firebase-functions binary at '/Users/ajaysanwlot/Documents/Web Dev /Amazon /amazon-clone/amazon-clone/functions/node_modules/.bin/firebase-functions'
[info] Serving at port 8075

[debug] [2023-12-16T13:02:23.260Z] Got response from /__/functions.yaml {"endpoints":{"api":{"availableMemoryMb":null,"timeoutSeconds":null,"minInstances":null,"maxInstances":null,"ingressSettings":null,"concurrency":null,"serviceAccountEmail":null,"vpc":null,"platform":"gcfv2","labels":{},"httpsTrigger":{},"entryPoint":"api"}},"specVersion":"v1alpha1","requiredAPIs":[]}
[info] ✔  functions: Loaded functions definitions from source: api. {"metadata":{"emulator":{"name":"functions"},"message":"Loaded functions definitions from source: api."}}
[debug] [2023-12-16T13:03:07.755Z] File /Users/ajaysanwlot/Documents/Web Dev /Amazon /amazon-clone/amazon-clone/functions/index.js changed, reloading triggers {"metadata":{"emulator":{"name":"functions"},"message":"File /Users/ajaysanwlot/Documents/Web Dev /Amazon /amazon-clone/amazon-clone/functions/index.js changed, reloading triggers"}}
[debug] [2023-12-16T13:03:08.757Z] Validating nodejs source
[debug] [2023-12-16T13:03:09.502Z] > [functions] package.json contents: {
  "name": "functions",
  "description": "Cloud Functions for Firebase",
  "scripts": {
    "lint": "eslint .",
    "serve": "firebase emulators:start --only functions",
    "shell": "firebase functions:shell",
    "start": "npm run shell",
    "deploy": "firebase deploy --only functions",
    "logs": "firebase functions:log"
  },
  "engines": {
    "node": "18"
  },
  "main": "index.js",
  "dependencies": {
    "cors": "^2.8.5",
    "express": "^4.18.2",
    "firebase-admin": "^11.8.0",
    "firebase-functions": "^4.3.1",
    "stripe": "^14.9.0"
  },
  "devDependencies": {
    "eslint": "^8.15.0",
    "eslint-config-google": "^0.14.0",
    "firebase-functions-test": "^3.1.0"
  },
  "private": true
}
[debug] [2023-12-16T13:03:09.502Z] Building nodejs source
[debug] [2023-12-16T13:03:09.502Z] Failed to find version of module node: reached end of search path /Users/ajaysanwlot/Documents/Web Dev /Amazon /amazon-clone/amazon-clone/functions/node_modules
[info] ✔  functions: Using node@18 from host. 
[debug] [2023-12-16T13:03:09.504Z] Could not find functions.yaml. Must use http discovery
[debug] [2023-12-16T13:03:09.505Z] Found firebase-functions binary at '/Users/ajaysanwlot/Documents/Web Dev /Amazon /amazon-clone/amazon-clone/functions/node_modules/.bin/firebase-functions'
[info] Serving at port 8505

[debug] [2023-12-16T13:03:09.843Z] Got response from /__/functions.yaml {"endpoints":{"api":{"availableMemoryMb":null,"timeoutSeconds":null,"minInstances":null,"maxInstances":null,"ingressSettings":null,"concurrency":null,"serviceAccountEmail":null,"vpc":null,"platform":"gcfv2","labels":{},"httpsTrigger":{},"entryPoint":"api"}},"specVersion":"v1alpha1","requiredAPIs":[]}
[info] ✔  functions: Loaded functions definitions from source: api. {"metadata":{"emulator":{"name":"functions"},"message":"Loaded functions definitions from source: api."}}
[debug] [2023-12-16T13:04:09.408Z] File /Users/ajaysanwlot/Documents/Web Dev /Amazon /amazon-clone/amazon-clone/functions/index.js changed, reloading triggers {"metadata":{"emulator":{"name":"functions"},"message":"File /Users/ajaysanwlot/Documents/Web Dev /Amazon /amazon-clone/amazon-clone/functions/index.js changed, reloading triggers"}}
[debug] [2023-12-16T13:04:10.411Z] Validating nodejs source
[debug] [2023-12-16T13:04:11.103Z] > [functions] package.json contents: {
  "name": "functions",
  "description": "Cloud Functions for Firebase",
  "scripts": {
    "lint": "eslint .",
    "serve": "firebase emulators:start --only functions",
    "shell": "firebase functions:shell",
    "start": "npm run shell",
    "deploy": "firebase deploy --only functions",
    "logs": "firebase functions:log"
  },
  "engines": {
    "node": "18"
  },
  "main": "index.js",
  "dependencies": {
    "cors": "^2.8.5",
    "express": "^4.18.2",
    "firebase-admin": "^11.8.0",
    "firebase-functions": "^4.3.1",
    "stripe": "^14.9.0"
  },
  "devDependencies": {
    "eslint": "^8.15.0",
    "eslint-config-google": "^0.14.0",
    "firebase-functions-test": "^3.1.0"
  },
  "private": true
}
[debug] [2023-12-16T13:04:11.104Z] Building nodejs source
[debug] [2023-12-16T13:04:11.104Z] Failed to find version of module node: reached end of search path /Users/ajaysanwlot/Documents/Web Dev /Amazon /amazon-clone/amazon-clone/functions/node_modules
[info] ✔  functions: Using node@18 from host. 
[debug] [2023-12-16T13:04:11.105Z] Could not find functions.yaml. Must use http discovery
[debug] [2023-12-16T13:04:11.107Z] Found firebase-functions binary at '/Users/ajaysanwlot/Documents/Web Dev /Amazon /amazon-clone/amazon-clone/functions/node_modules/.bin/firebase-functions'
[info] Serving at port 8495

[debug] [2023-12-16T13:04:11.660Z] Got response from /__/functions.yaml {"endpoints":{"api":{"availableMemoryMb":null,"timeoutSeconds":null,"minInstances":null,"maxInstances":null,"ingressSettings":null,"concurrency":null,"serviceAccountEmail":null,"vpc":null,"platform":"gcfv2","labels":{},"httpsTrigger":{},"entryPoint":"api"}},"specVersion":"v1alpha1","requiredAPIs":[]}
[info] ✔  functions: Loaded functions definitions from source: api. {"metadata":{"emulator":{"name":"functions"},"message":"Loaded functions definitions from source: api."}}
[debug] [2023-12-16T13:05:57.247Z] File /Users/ajaysanwlot/Documents/Web Dev /Amazon /amazon-clone/amazon-clone/functions/index.js changed, reloading triggers {"metadata":{"emulator":{"name":"functions"},"message":"File /Users/ajaysanwlot/Documents/Web Dev /Amazon /amazon-clone/amazon-clone/functions/index.js changed, reloading triggers"}}
[debug] [2023-12-16T13:05:58.250Z] Validating nodejs source
[debug] [2023-12-16T13:05:58.924Z] > [functions] package.json contents: {
  "name": "functions",
  "description": "Cloud Functions for Firebase",
  "scripts": {
    "lint": "eslint .",
    "serve": "firebase emulators:start --only functions",
    "shell": "firebase functions:shell",
    "start": "npm run shell",
    "deploy": "firebase deploy --only functions",
    "logs": "firebase functions:log"
  },
  "engines": {
    "node": "18"
  },
  "main": "index.js",
  "dependencies": {
    "cors": "^2.8.5",
    "express": "^4.18.2",
    "firebase-admin": "^11.8.0",
    "firebase-functions": "^4.3.1",
    "stripe": "^14.9.0"
  },
  "devDependencies": {
    "eslint": "^8.15.0",
    "eslint-config-google": "^0.14.0",
    "firebase-functions-test": "^3.1.0"
  },
  "private": true
}
[debug] [2023-12-16T13:05:58.924Z] Building nodejs source
[debug] [2023-12-16T13:05:58.924Z] Failed to find version of module node: reached end of search path /Users/ajaysanwlot/Documents/Web Dev /Amazon /amazon-clone/amazon-clone/functions/node_modules
[info] ✔  functions: Using node@18 from host. 
[debug] [2023-12-16T13:05:58.926Z] Could not find functions.yaml. Must use http discovery
[debug] [2023-12-16T13:05:58.927Z] Found firebase-functions binary at '/Users/ajaysanwlot/Documents/Web Dev /Amazon /amazon-clone/amazon-clone/functions/node_modules/.bin/firebase-functions'
[info] Serving at port 8596

[debug] [2023-12-16T13:05:59.260Z] Got response from /__/functions.yaml {"endpoints":{"api":{"availableMemoryMb":null,"timeoutSeconds":null,"minInstances":null,"maxInstances":null,"ingressSettings":null,"concurrency":null,"serviceAccountEmail":null,"vpc":null,"platform":"gcfv2","labels":{},"httpsTrigger":{},"entryPoint":"api"}},"specVersion":"v1alpha1","requiredAPIs":[]}
[info] ✔  functions: Loaded functions definitions from source: api. {"metadata":{"emulator":{"name":"functions"},"message":"Loaded functions definitions from source: api."}}
[debug] [2023-12-16T13:10:03.965Z] [work-queue] {"queuedWork":["/clone-f0b5b/us-central1/api-2023-12-16T13:10:03.965Z"],"queueLength":1,"runningWork":[],"workRunningCount":0}
[debug] [2023-12-16T13:10:03.967Z] [work-queue] {"queuedWork":[],"queueLength":0,"runningWork":["/clone-f0b5b/us-central1/api-2023-12-16T13:10:03.965Z"],"workRunningCount":1}
[debug] [2023-12-16T13:10:03.967Z] Accepted request GET /clone-f0b5b/us-central1/api --> us-central1-api
[debug] [2023-12-16T13:10:03.975Z] [functions] Runtime ready! Sending request! {"metadata":{"emulator":{"name":"functions"},"message":"[functions] Runtime ready! Sending request!"}}
[debug] [2023-12-16T13:10:03.976Z] [functions] Got req.url=/clone-f0b5b/us-central1/api, mapping to path=/ {"metadata":{"emulator":{"name":"functions"},"message":"[functions] Got req.url=/clone-f0b5b/us-central1/api, mapping to path=/"}}
[debug] [2023-12-16T13:10:03.976Z] [worker-pool] Cleaned up workers for us-central1-api: 1 --> 0 {"metadata":{"emulator":{"name":"functions"},"message":"[worker-pool] Cleaned up workers for us-central1-api: 1 --> 0"}}
[debug] [2023-12-16T13:10:03.981Z] [worker-pool] addWorker(us-central1-api) {"metadata":{"emulator":{"name":"functions"},"message":"[worker-pool] addWorker(us-central1-api)"}}
[debug] [2023-12-16T13:10:03.982Z] [worker-pool] Adding worker with key us-central1-api, total=1 {"metadata":{"emulator":{"name":"functions"},"message":"[worker-pool] Adding worker with key us-central1-api, total=1"}}
[debug] [2023-12-16T13:10:04.807Z] [runtime-status] [57952] Resolved module firebase-admin {"declared":true,"installed":true,"version":"11.11.1","resolution":"/Users/ajaysanwlot/Documents/Web Dev /Amazon /amazon-clone/amazon-clone/functions/node_modules/firebase-admin/lib/index.js"} {"metadata":{"emulator":{"name":"functions"},"function":{"name":"us-central1-api"},"extension":{},"message":"[runtime-status] [57952] Resolved module firebase-admin {\"declared\":true,\"installed\":true,\"version\":\"11.11.1\",\"resolution\":\"/Users/ajaysanwlot/Documents/Web Dev /Amazon /amazon-clone/amazon-clone/functions/node_modules/firebase-admin/lib/index.js\"}"}}
[debug] [2023-12-16T13:10:04.807Z] [runtime-status] [57952] Resolved module firebase-functions {"declared":true,"installed":true,"version":"4.5.0","resolution":"/Users/ajaysanwlot/Documents/Web Dev /Amazon /amazon-clone/amazon-clone/functions/node_modules/firebase-functions/lib/v1/index.js"} {"metadata":{"emulator":{"name":"functions"},"function":{"name":"us-central1-api"},"extension":{},"message":"[runtime-status] [57952] Resolved module firebase-functions {\"declared\":true,\"installed\":true,\"version\":\"4.5.0\",\"resolution\":\"/Users/ajaysanwlot/Documents/Web Dev /Amazon /amazon-clone/amazon-clone/functions/node_modules/firebase-functions/lib/v1/index.js\"}"}}
[debug] [2023-12-16T13:10:04.808Z] [runtime-status] [57952] Outgoing network have been stubbed. [{"name":"http","status":"mocked"},{"name":"http","status":"mocked"},{"name":"https","status":"mocked"},{"name":"https","status":"mocked"},{"name":"net","status":"mocked"}] {"metadata":{"emulator":{"name":"functions"},"function":{"name":"us-central1-api"},"extension":{},"message":"[runtime-status] [57952] Outgoing network have been stubbed. [{\"name\":\"http\",\"status\":\"mocked\"},{\"name\":\"http\",\"status\":\"mocked\"},{\"name\":\"https\",\"status\":\"mocked\"},{\"name\":\"https\",\"status\":\"mocked\"},{\"name\":\"net\",\"status\":\"mocked\"}]"}}
[debug] [2023-12-16T13:10:04.808Z] [runtime-status] [57952] Resolved module firebase-functions {"declared":true,"installed":true,"version":"4.5.0","resolution":"/Users/ajaysanwlot/Documents/Web Dev /Amazon /amazon-clone/amazon-clone/functions/node_modules/firebase-functions/lib/v1/index.js"} {"metadata":{"emulator":{"name":"functions"},"function":{"name":"us-central1-api"},"extension":{},"message":"[runtime-status] [57952] Resolved module firebase-functions {\"declared\":true,\"installed\":true,\"version\":\"4.5.0\",\"resolution\":\"/Users/ajaysanwlot/Documents/Web Dev /Amazon /amazon-clone/amazon-clone/functions/node_modules/firebase-functions/lib/v1/index.js\"}"}}
[debug] [2023-12-16T13:10:04.992Z] [runtime-status] [57952] Checked functions.config() {"config":{}} {"metadata":{"emulator":{"name":"functions"},"function":{"name":"us-central1-api"},"extension":{},"message":"[runtime-status] [57952] Checked functions.config() {\"config\":{}}"}}
[debug] [2023-12-16T13:10:04.992Z] [runtime-status] [57952] firebase-functions has been stubbed. {"functionsResolution":{"declared":true,"installed":true,"version":"4.5.0","resolution":"/Users/ajaysanwlot/Documents/Web Dev /Amazon /amazon-clone/amazon-clone/functions/node_modules/firebase-functions/lib/v1/index.js"}} {"metadata":{"emulator":{"name":"functions"},"function":{"name":"us-central1-api"},"extension":{},"message":"[runtime-status] [57952] firebase-functions has been stubbed. {\"functionsResolution\":{\"declared\":true,\"installed\":true,\"version\":\"4.5.0\",\"resolution\":\"/Users/ajaysanwlot/Documents/Web Dev /Amazon /amazon-clone/amazon-clone/functions/node_modules/firebase-functions/lib/v1/index.js\"}}"}}
[debug] [2023-12-16T13:10:04.992Z] [runtime-status] [57952] Resolved module firebase-functions {"declared":true,"installed":true,"version":"4.5.0","resolution":"/Users/ajaysanwlot/Documents/Web Dev /Amazon /amazon-clone/amazon-clone/functions/node_modules/firebase-functions/lib/v1/index.js"} {"metadata":{"emulator":{"name":"functions"},"function":{"name":"us-central1-api"},"extension":{},"message":"[runtime-status] [57952] Resolved module firebase-functions {\"declared\":true,\"installed\":true,\"version\":\"4.5.0\",\"resolution\":\"/Users/ajaysanwlot/Documents/Web Dev /Amazon /amazon-clone/amazon-clone/functions/node_modules/firebase-functions/lib/v1/index.js\"}"}}
[debug] [2023-12-16T13:10:04.993Z] [runtime-status] [57952] Resolved module firebase-admin {"declared":true,"installed":true,"version":"11.11.1","resolution":"/Users/ajaysanwlot/Documents/Web Dev /Amazon /amazon-clone/amazon-clone/functions/node_modules/firebase-admin/lib/index.js"} {"metadata":{"emulator":{"name":"functions"},"function":{"name":"us-central1-api"},"extension":{},"message":"[runtime-status] [57952] Resolved module firebase-admin {\"declared\":true,\"installed\":true,\"version\":\"11.11.1\",\"resolution\":\"/Users/ajaysanwlot/Documents/Web Dev /Amazon /amazon-clone/amazon-clone/functions/node_modules/firebase-admin/lib/index.js\"}"}}
[debug] [2023-12-16T13:10:04.995Z] [runtime-status] [57952] Resolved module firebase-functions {"declared":true,"installed":true,"version":"4.5.0","resolution":"/Users/ajaysanwlot/Documents/Web Dev /Amazon /amazon-clone/amazon-clone/functions/node_modules/firebase-functions/lib/v1/index.js"} {"metadata":{"emulator":{"name":"functions"},"function":{"name":"us-central1-api"},"extension":{},"message":"[runtime-status] [57952] Resolved module firebase-functions {\"declared\":true,\"installed\":true,\"version\":\"4.5.0\",\"resolution\":\"/Users/ajaysanwlot/Documents/Web Dev /Amazon /amazon-clone/amazon-clone/functions/node_modules/firebase-functions/lib/v1/index.js\"}"}}
[debug] [2023-12-16T13:10:04.995Z] [runtime-status] [57952] firebase-admin has been stubbed. {"adminResolution":{"declared":true,"installed":true,"version":"11.11.1","resolution":"/Users/ajaysanwlot/Documents/Web Dev /Amazon /amazon-clone/amazon-clone/functions/node_modules/firebase-admin/lib/index.js"}} {"metadata":{"emulator":{"name":"functions"},"function":{"name":"us-central1-api"},"extension":{},"message":"[runtime-status] [57952] firebase-admin has been stubbed. {\"adminResolution\":{\"declared\":true,\"installed\":true,\"version\":\"11.11.1\",\"resolution\":\"/Users/ajaysanwlot/Documents/Web Dev /Amazon /amazon-clone/amazon-clone/functions/node_modules/firebase-admin/lib/index.js\"}}"}}
[debug] [2023-12-16T13:10:05.111Z] [runtime-status] [57952] Functions runtime initialized. {"cwd":"/Users/ajaysanwlot/Documents/Web Dev /Amazon /amazon-clone/amazon-clone/functions","node_version":"18.16.0"} {"metadata":{"emulator":{"name":"functions"},"function":{"name":"us-central1-api"},"extension":{},"message":"[runtime-status] [57952] Functions runtime initialized. {\"cwd\":\"/Users/ajaysanwlot/Documents/Web Dev /Amazon /amazon-clone/amazon-clone/functions\",\"node_version\":\"18.16.0\"}"}}
[debug] [2023-12-16T13:10:05.112Z] [runtime-status] [57952] Listening to port: /var/folders/t5/41w0mv413gqgm8tzw9v6swcm0000gn/T/fire_emu_5be2cb2851de2cdf.sock {"metadata":{"emulator":{"name":"functions"},"function":{"name":"us-central1-api"},"extension":{},"message":"[runtime-status] [57952] Listening to port: /var/folders/t5/41w0mv413gqgm8tzw9v6swcm0000gn/T/fire_emu_5be2cb2851de2cdf.sock"}}
[debug] [2023-12-16T13:10:05.204Z] [worker-us-central1-api-fb4185f7-b01a-4a4b-89b1-762a03a2f2c8]: IDLE {"metadata":{"emulator":{"name":"functions"},"function":{"name":"us-central1-api"},"extension":{},"message":"[worker-us-central1-api-fb4185f7-b01a-4a4b-89b1-762a03a2f2c8]: IDLE"}}
[debug] [2023-12-16T13:10:05.204Z] [worker-pool] submitRequest(triggerId=us-central1-api) {"metadata":{"emulator":{"name":"functions"},"message":"[worker-pool] submitRequest(triggerId=us-central1-api)"}}
[info] i  functions: Beginning execution of "us-central1-api" {"metadata":{"emulator":{"name":"functions"},"function":{"name":"us-central1-api"},"extension":{},"message":"Beginning execution of \"us-central1-api\""}}
[debug] [2023-12-16T13:10:05.205Z] [worker-us-central1-api-fb4185f7-b01a-4a4b-89b1-762a03a2f2c8]: BUSY {"metadata":{"emulator":{"name":"functions"},"function":{"name":"us-central1-api"},"extension":{},"message":"[worker-us-central1-api-fb4185f7-b01a-4a4b-89b1-762a03a2f2c8]: BUSY"}}
[debug] [2023-12-16T13:10:05.212Z] Finishing up request with event=pause {"metadata":{"emulator":{"name":"functions"},"function":{"name":"us-central1-api"},"extension":{},"message":"Finishing up request with event=pause"}}
[info] i  functions: Finished "us-central1-api" in 7.867333ms {"metadata":{"emulator":{"name":"functions"},"function":{"name":"us-central1-api"},"extension":{},"message":"Finished \"us-central1-api\" in 7.867333ms"}}
[debug] [2023-12-16T13:10:05.214Z] [worker-us-central1-api-fb4185f7-b01a-4a4b-89b1-762a03a2f2c8]: IDLE {"metadata":{"emulator":{"name":"functions"},"function":{"name":"us-central1-api"},"extension":{},"message":"[worker-us-central1-api-fb4185f7-b01a-4a4b-89b1-762a03a2f2c8]: IDLE"}}
[debug] [2023-12-16T13:10:05.217Z] Finishing up request with event=finish {"metadata":{"emulator":{"name":"functions"},"function":{"name":"us-central1-api"},"extension":{},"message":"Finishing up request with event=finish"}}
[debug] [2023-12-16T13:10:05.218Z] Finishing up request with event=close {"metadata":{"emulator":{"name":"functions"},"function":{"name":"us-central1-api"},"extension":{},"message":"Finishing up request with event=close"}}
[debug] [2023-12-16T13:10:05.218Z] [work-queue] {"queuedWork":[],"queueLength":0,"runningWork":[],"workRunningCount":0}
